<?xml version="1.0" encoding="UTF-8"?>
<!-- Generated by org.testng.reporters.JUnitReportReporter -->
<testsuite hostname="DESKTOP-T2FEB6M" failures="0" tests="1" name="Apple.ExecuteTest" time="15.477" errors="0" timestamp="2022-11-24T19:13:58 IST" skipped="0">
  <testcase classname="Apple.ExecuteTest" name="toTest" time="15.477"/>
  <system-out/>
</testsuite> <!-- Apple.ExecuteTest -->
